<?xml version="1.0" encoding="UTF-8"?>
<Site BuildName="(empty)"
	BuildStamp="20230925-0521-Experimental"
	Name="(empty)"
	Generator="ctest-3.26.5"
	CompilerName=""
	CompilerVersion=""
	OSName="Windows"
	Hostname="MURRANI-DESKTOP"
	OSRelease=" Professional"
	OSVersion=" (Build 22621)"
	OSPlatform="AMD64"
	Is64Bits="1"
	VendorString="GenuineIntel"
	VendorID="Intel Corporation"
	FamilyID="6"
	ModelID="7"
	ProcessorCacheSize="-1"
	NumberOfLogicalCPU="32"
	NumberOfPhysicalCPU="24"
	TotalVirtualMemory="69372"
	TotalPhysicalMemory="65276"
	LogicalProcessorsPerPhysical="1"
	ProcessorClockFrequency="2995"
	>
	<Testing>
		<StartDateTime>Sep 25 01:21 Eastern Daylight Time</StartDateTime>
		<StartTestTime>1695619306</StartTestTime>
		<TestList/>
		<EndDateTime>Sep 25 01:21 Eastern Daylight Time</EndDateTime>
		<EndTestTime>1695619306</EndTestTime>
		<ElapsedMinutes>0</ElapsedMinutes>
	</Testing>
</Site>
